  compilation object save succeeded; see E:\DirectX11\x64\Release\Tutorial07_PS.cso
  compilation object save succeeded; see E:\DirectX11\x64\Release\Tutorial07_VS.cso
  AABB.cpp
c:\program files (x86)\windows kits\8.1\include\um\combaseapi.h(229): error C2760: syntax error: unexpected token 'identifier', expected 'type specifier'
  BoundingSphere.cpp
c:\program files (x86)\windows kits\8.1\include\um\combaseapi.h(229): error C2760: syntax error: unexpected token 'identifier', expected 'type specifier'
  CameraMain.cpp
  CameraTest.cpp
c:\program files (x86)\windows kits\8.1\include\um\combaseapi.h(229): error C2760: syntax error: unexpected token 'identifier', expected 'type specifier'
e:\directx11\cameratest.h(36): warning C4324: 'CameraTest': structure was padded due to alignment specifier
  DDSTextureLoader.cpp
c:\program files (x86)\windows kits\8.1\include\um\combaseapi.h(229): error C2760: syntax error: unexpected token 'identifier', expected 'type specifier'
  Goal.cpp
c:\program files (x86)\windows kits\8.1\include\um\combaseapi.h(229): error C2760: syntax error: unexpected token 'identifier', expected 'type specifier'
  Object.cpp
c:\program files (x86)\windows kits\8.1\include\um\combaseapi.h(229): error C2760: syntax error: unexpected token 'identifier', expected 'type specifier'
  Target.cpp
c:\program files (x86)\windows kits\8.1\include\um\combaseapi.h(229): error C2760: syntax error: unexpected token 'identifier', expected 'type specifier'
e:\directx11\cameratest.h(36): warning C4324: 'CameraTest': structure was padded due to alignment specifier
  Tutorial07.cpp
c:\program files (x86)\windows kits\8.1\include\um\combaseapi.h(229): error C2760: syntax error: unexpected token 'identifier', expected 'type specifier'
e:\directx11\cameratest.h(36): warning C4324: 'CameraTest': structure was padded due to alignment specifier
e:\directx11\tutorial07.cpp(158): warning C4244: 'argument': conversion from 'float' to 'DWORD', possible loss of data
e:\directx11\tutorial07.cpp(160): warning C4244: '=': conversion from 'DWORD' to 'float', possible loss of data
e:\directx11\tutorial07.cpp(161): warning C4244: '=': conversion from 'DWORD' to 'float', possible loss of data
e:\directx11\tutorial07.cpp(681): warning C4244: 'argument': conversion from 'int' to 'float', possible loss of data
e:\directx11\tutorial07.cpp(922): warning C4244: 'argument': conversion from 'int' to 'float', possible loss of data
e:\directx11\tutorial07.cpp(945): warning C4996: 'itoa': The POSIX name for this item is deprecated. Instead, use the ISO C and C++ conformant name: _itoa. See online help for details.
  c:\program files (x86)\windows kits\10\include\10.0.10240.0\ucrt\stdlib.h(1316): note: see declaration of 'itoa'
e:\directx11\tutorial07.cpp(953): warning C4267: 'initializing': conversion from 'size_t' to 'int', possible loss of data
e:\directx11\tutorial07.cpp(953): warning C4267: 'initializing': conversion from 'size_t' to 'const int', possible loss of data
e:\directx11\tutorial07.cpp(960): warning C4996: 'itoa': The POSIX name for this item is deprecated. Instead, use the ISO C and C++ conformant name: _itoa. See online help for details.
  c:\program files (x86)\windows kits\10\include\10.0.10240.0\ucrt\stdlib.h(1316): note: see declaration of 'itoa'
e:\directx11\tutorial07.cpp(1006): warning C4459: declaration of 'Name' hides global declaration
  e:\directx11\tutorial07.cpp(939): note: see declaration of 'Name'
e:\directx11\tutorial07.cpp(1040): warning C4554: '&': check operator precedence for possible error; use parentheses to clarify precedence
e:\directx11\tutorial07.cpp(1044): warning C4244: 'argument': conversion from 'int' to 'float', possible loss of data
e:\directx11\tutorial07.cpp(1085): warning C4238: nonstandard extension used: class rvalue used as lvalue
e:\directx11\tutorial07.cpp(1113): warning C4127: conditional expression is constant
  e:\directx11\tutorial07.cpp(1113): note: consider using 'if constexpr' statement instead
e:\directx11\tutorial07.cpp(1115): warning C4238: nonstandard extension used: class rvalue used as lvalue
e:\directx11\tutorial07.cpp(1120): warning C4456: declaration of 'cb' hides previous local declaration
  e:\directx11\tutorial07.cpp(1091): note: see declaration of 'cb'
e:\directx11\tutorial07.cpp(1130): warning C4456: declaration of 'tempy' hides previous local declaration
  e:\directx11\tutorial07.cpp(1101): note: see declaration of 'tempy'
e:\directx11\tutorial07.cpp(1144): warning C4238: nonstandard extension used: class rvalue used as lvalue
e:\directx11\tutorial07.cpp(1146): warning C4456: declaration of 'cb' hides previous local declaration
  e:\directx11\tutorial07.cpp(1091): note: see declaration of 'cb'
e:\directx11\tutorial07.cpp(1168): warning C4238: nonstandard extension used: class rvalue used as lvalue
e:\directx11\tutorial07.cpp(1170): warning C4456: declaration of 'tempy' hides previous local declaration
  e:\directx11\tutorial07.cpp(1101): note: see declaration of 'tempy'
e:\directx11\tutorial07.cpp(1171): warning C4456: declaration of 'cb' hides previous local declaration
  e:\directx11\tutorial07.cpp(1091): note: see declaration of 'cb'
  VectorMaths.cpp
c:\program files (x86)\windows kits\8.1\include\um\combaseapi.h(229): error C2760: syntax error: unexpected token 'identifier', expected 'type specifier'
